<?xml version="1.0" encoding="UTF-8"?>
<!-- Generated by org.testng.reporters.JUnitReportReporter -->
<testsuite ignored="0" hostname="DESKTOP-LK9S417" failures="0" tests="1" name="pruebang.NewTest" time="23.157" errors="0" timestamp="23 abr. 2024 19:02:35 GMT" skipped="0">
  <testcase classname="pruebang.NewTest" name="test01" time="23.157"/>
</testsuite> <!-- pruebang.NewTest -->
